PLINK v1.90b6.18 64-bit (16 Jun 2020)
Options in effect:
  --allow-extra-chr
  --bfile data/pmaj/pmaj
  --indep-pairwise 50 10 0.1
  --out data/pmaj/pmaj

Hostname: bioinf02.rc.fas.harvard.edu
Working directory: /scratch/tsackton/oeb275/popstruct
Start time: Tue Mar  2 22:06:51 2021

Random number seed: 1614740811
1019250 MB RAM detected; reserving 509625 MB for main workspace.
971624 variants loaded from .bim file.
61 people (0 males, 0 females, 61 ambiguous) loaded from .fam.
Ambiguous sex IDs written to data/pmaj/pmaj.nosex .
Using 1 thread (no multithreaded calculations invoked).
Before main variant filters, 61 founders and 0 nonfounders present.
Calculating allele frequencies... done.
Total genotyping rate is 0.982654.
971624 variants and 61 people pass filters and QC.
Note: No phenotypes present.
Pruned 808862 variants from chromosome 9, leaving 162762.
Pruning complete.  808862 of 971624 variants removed.
Marker lists written to data/pmaj/pmaj.prune.in and data/pmaj/pmaj.prune.out .

End time: Tue Mar  2 22:06:54 2021
