PLINK v1.90b6.18 64-bit (16 Jun 2020)
Options in effect:
  --allow-extra-chr
  --bfile data/pmaj/pmaj.ld_pruned
  --out data/pmaj/pmaj.ld_pruned
  --pca var-wts

Hostname: bioinf02.rc.fas.harvard.edu
Working directory: /scratch/tsackton/oeb275/popstruct_workshop
Start time: Wed Mar  3 08:53:22 2021

Random number seed: 1614779602
1019250 MB RAM detected; reserving 509625 MB for main workspace.
162762 variants loaded from .bim file.
61 people (0 males, 0 females, 61 ambiguous) loaded from .fam.
Ambiguous sex IDs written to data/pmaj/pmaj.ld_pruned.nosex .
Using up to 63 threads (change this with --threads).
Before main variant filters, 61 founders and 0 nonfounders present.
Calculating allele frequencies... done.
Total genotyping rate is 0.98116.
162762 variants and 61 people pass filters and QC.
Note: No phenotypes present.
Relationship matrix calculation complete.
--pca: Results saved to data/pmaj/pmaj.ld_pruned.eigenval ,
data/pmaj/pmaj.ld_pruned.eigenvec , and data/pmaj/pmaj.ld_pruned.eigenvec.var .

End time: Wed Mar  3 08:53:24 2021
