PLINK v1.90b6.18 64-bit (16 Jun 2020)
Options in effect:
  --allow-extra-chr
  --bfile data/pdom/pdom.ld_pruned
  --out data/pdom/pdom.ld_pruned
  --pca var-wts

Hostname: bioinf02.rc.fas.harvard.edu
Working directory: /scratch/tsackton/oeb275/popstruct_workshop
Start time: Wed Mar  3 08:53:00 2021

Random number seed: 1614779580
1019250 MB RAM detected; reserving 509625 MB for main workspace.
191460 variants loaded from .bim file.
76 people (0 males, 0 females, 76 ambiguous) loaded from .fam.
Ambiguous sex IDs written to data/pdom/pdom.ld_pruned.nosex .
Using up to 63 threads (change this with --threads).
Before main variant filters, 76 founders and 0 nonfounders present.
Calculating allele frequencies... done.
Total genotyping rate is 0.993587.
191460 variants and 76 people pass filters and QC.
Note: No phenotypes present.
Relationship matrix calculation complete.
--pca: Results saved to data/pdom/pdom.ld_pruned.eigenval ,
data/pdom/pdom.ld_pruned.eigenvec , and data/pdom/pdom.ld_pruned.eigenvec.var .

End time: Wed Mar  3 08:53:02 2021
