PLINK v1.90b6.18 64-bit (16 Jun 2020)
Options in effect:
  --autosome-num 62
  --bfile data/acun/acun.ld_pruned
  --out data/acun/acun.ld_pruned
  --pca

Hostname: bioinf02.rc.fas.harvard.edu
Working directory: /scratch/tsackton/oeb275/popstruct_workshop
Start time: Wed Mar  3 08:41:23 2021

Random number seed: 1614778883
1019250 MB RAM detected; reserving 509625 MB for main workspace.
115925 variants loaded from .bim file.
74 samples (0 males, 0 females, 74 ambiguous) loaded from .fam.
Ambiguous sex IDs written to data/acun/acun.ld_pruned.nosex .
Using up to 63 threads (change this with --threads).
Before main variant filters, 74 founders and 0 nonfounders present.
Calculating allele frequencies... done.
Total genotyping rate is 0.988935.
115925 variants and 74 samples pass filters and QC.
Note: No phenotypes present.
Relationship matrix calculation complete.
--pca: Results saved to data/acun/acun.ld_pruned.eigenval and
data/acun/acun.ld_pruned.eigenvec .

End time: Wed Mar  3 08:41:23 2021
